Release 13.3 - xst O.76xd (nt64)
Copyright (c) 1995-2011 Xilinx, Inc.  All rights reserved.
--> Parameter TMPDIR set to xst/projnav.tmp


Total REAL time to Xst completion: 0.00 secs
Total CPU time to Xst completion: 0.15 secs
 
--> Parameter xsthdpdir set to xst


Total REAL time to Xst completion: 0.00 secs
Total CPU time to Xst completion: 0.15 secs
 
--> Reading design: vga_display.prj

TABLE OF CONTENTS
  1) Synthesis Options Summary
  2) HDL Parsing
  3) HDL Elaboration
  4) HDL Synthesis
       4.1) HDL Synthesis Report
  5) Advanced HDL Synthesis
       5.1) Advanced HDL Synthesis Report
  6) Low Level Synthesis
  7) Partition Report
  8) Design Summary
       8.1) Primitive and Black Box Usage
       8.2) Device utilization summary
       8.3) Partition Resource Summary
       8.4) Timing Report
            8.4.1) Clock Information
            8.4.2) Asynchronous Control Signals Information
            8.4.3) Timing Summary
            8.4.4) Timing Details
            8.4.5) Cross Clock Domains Report


=========================================================================
*                      Synthesis Options Summary                        *
=========================================================================
---- Source Parameters
Input File Name                    : "vga_display.prj"
Ignore Synthesis Constraint File   : NO

---- Target Parameters
Output File Name                   : "vga_display"
Output Format                      : NGC
Target Device                      : xc6slx16-3-csg324

---- Source Options
Top Module Name                    : vga_display
Automatic FSM Extraction           : YES
FSM Encoding Algorithm             : Auto
Safe Implementation                : No
FSM Style                          : LUT
RAM Extraction                     : Yes
RAM Style                          : Auto
ROM Extraction                     : Yes
Shift Register Extraction          : YES
ROM Style                          : Auto
Resource Sharing                   : YES
Asynchronous To Synchronous        : NO
Shift Register Minimum Size        : 2
Use DSP Block                      : Auto
Automatic Register Balancing       : No

---- Target Options
LUT Combining                      : Auto
Reduce Control Sets                : Auto
Add IO Buffers                     : YES
Global Maximum Fanout              : 100000
Add Generic Clock Buffer(BUFG)     : 16
Register Duplication               : YES
Optimize Instantiated Primitives   : NO
Use Clock Enable                   : Auto
Use Synchronous Set                : Auto
Use Synchronous Reset              : Auto
Pack IO Registers into IOBs        : Auto
Equivalent register Removal        : YES

---- General Options
Optimization Goal                  : Speed
Optimization Effort                : 1
Power Reduction                    : NO
Keep Hierarchy                     : No
Netlist Hierarchy                  : As_Optimized
RTL Output                         : Yes
Global Optimization                : AllClockNets
Read Cores                         : YES
Write Timing Constraints           : NO
Cross Clock Analysis               : NO
Hierarchy Separator                : /
Bus Delimiter                      : <>
Case Specifier                     : Maintain
Slice Utilization Ratio            : 100
BRAM Utilization Ratio             : 100
DSP48 Utilization Ratio            : 100
Auto BRAM Packing                  : NO
Slice Utilization Ratio Delta      : 5

---- Other Options
Cores Search Directories           : {"ipcore_dir"  }

=========================================================================


=========================================================================
*                          HDL Parsing                                  *
=========================================================================
Analyzing Verilog file "\\ad\eng\users\z\a\zafar\EC551\image\vga_controller_640_60.v" into library work
Parsing module <vga_controller_640_60>.
Analyzing Verilog file "\\ad\eng\users\z\a\zafar\EC551\image\vga_bsprite.v" into library work
Parsing module <vga_bsprite>.
Analyzing Verilog file "\\ad\eng\users\z\a\zafar\EC551\image\ipcore_dir\game_over_mem.v" into library work
Parsing module <game_over_mem>.
Analyzing Verilog file "\\ad\eng\users\z\a\zafar\EC551\image\vga_display.v" into library work
Parsing module <vga_display>.

=========================================================================
*                            HDL Elaboration                            *
=========================================================================

Elaborating module <vga_display>.

Elaborating module <vga_controller_640_60>.

Elaborating module <vga_bsprite>.
WARNING:HDLCompiler:413 - "\\ad\eng\users\z\a\zafar\EC551\image\vga_bsprite.v" Line 35: Result of 11-bit expression is truncated to fit in 10-bit target.
WARNING:HDLCompiler:413 - "\\ad\eng\users\z\a\zafar\EC551\image\vga_bsprite.v" Line 40: Result of 11-bit expression is truncated to fit in 10-bit target.
WARNING:HDLCompiler:413 - "\\ad\eng\users\z\a\zafar\EC551\image\vga_bsprite.v" Line 44: Result of 20-bit expression is truncated to fit in 15-bit target.
WARNING:HDLCompiler:189 - "\\ad\eng\users\z\a\zafar\EC551\image\vga_display.v" Line 67: Size mismatch in connection of port <x0>. Formal port size is 11-bit while actual signal size is 32-bit.
WARNING:HDLCompiler:189 - "\\ad\eng\users\z\a\zafar\EC551\image\vga_display.v" Line 68: Size mismatch in connection of port <y0>. Formal port size is 11-bit while actual signal size is 32-bit.
WARNING:HDLCompiler:189 - "\\ad\eng\users\z\a\zafar\EC551\image\vga_display.v" Line 69: Size mismatch in connection of port <x1>. Formal port size is 11-bit while actual signal size is 32-bit.
WARNING:HDLCompiler:189 - "\\ad\eng\users\z\a\zafar\EC551\image\vga_display.v" Line 70: Size mismatch in connection of port <y1>. Formal port size is 11-bit while actual signal size is 32-bit.

Elaborating module <game_over_mem>.
WARNING:HDLCompiler:1499 - "\\ad\eng\users\z\a\zafar\EC551\image\ipcore_dir\game_over_mem.v" Line 39: Empty module <game_over_mem> remains a black box.

=========================================================================
*                           HDL Synthesis                               *
=========================================================================

Synthesizing Unit <vga_display>.
    Related source file is "//ad/eng/users/z/a/zafar/ec551/image/vga_display.v".
        N = 2
    Found 1-bit register for signal <clk_25Mhz>.
    Found 2-bit register for signal <count>.
    Found 2-bit adder for signal <count[1]_GND_1_o_add_1_OUT> created at line 49.
    Summary:
	inferred   1 Adder/Subtractor(s).
	inferred   3 D-type flip-flop(s).
Unit <vga_display> synthesized.

Synthesizing Unit <vga_controller_640_60>.
    Related source file is "//ad/eng/users/z/a/zafar/ec551/image/vga_controller_640_60.v".
        HMAX = 800
        VMAX = 525
        HLINES = 640
        HFP = 648
        HSP = 744
        VLINES = 480
        VFP = 482
        VSP = 484
        SPP = 0
    Found 11-bit register for signal <hcounter>.
    Found 11-bit register for signal <vcounter>.
    Found 1-bit register for signal <HS>.
    Found 1-bit register for signal <VS>.
    Found 1-bit register for signal <blank>.
    Found 11-bit adder for signal <hcounter[10]_GND_2_o_add_3_OUT> created at line 53.
    Found 11-bit adder for signal <vcounter[10]_GND_2_o_add_9_OUT> created at line 61.
    Found 11-bit comparator lessequal for signal <n0012> created at line 68
    Found 11-bit comparator greater for signal <hcounter[10]_GND_2_o_LessThan_16_o> created at line 68
    Found 11-bit comparator lessequal for signal <n0018> created at line 75
    Found 11-bit comparator greater for signal <vcounter[10]_GND_2_o_LessThan_19_o> created at line 75
    Found 11-bit comparator greater for signal <hcounter[10]_GND_2_o_LessThan_20_o> created at line 80
    Found 11-bit comparator greater for signal <vcounter[10]_GND_2_o_LessThan_21_o> created at line 80
    Summary:
	inferred   2 Adder/Subtractor(s).
	inferred  25 D-type flip-flop(s).
	inferred   6 Comparator(s).
	inferred   2 Multiplexer(s).
Unit <vga_controller_640_60> synthesized.

Synthesizing Unit <vga_bsprite>.
    Related source file is "//ad/eng/users/z/a/zafar/ec551/image/vga_bsprite.v".
WARNING:Xst:647 - Input <blank> is never used. This port will be preserved and left unconnected if it belongs to a top-level block or it belongs to a sub-block and the hierarchy of this sub-block is preserved.
    Found 19-bit adder for signal <n0027> created at line 44.
    Found 10-bit subtractor for signal <hc[10]_x0[10]_sub_3_OUT<9:0>> created at line 35.
    Found 10-bit subtractor for signal <vc[10]_y0[10]_sub_7_OUT<9:0>> created at line 40.
    Found 10x9-bit multiplier for signal <n0039> created at line 44.
    Found 11-bit comparator lessequal for signal <n0000> created at line 34
    Found 11-bit comparator greater for signal <hc[10]_x1[10]_LessThan_2_o> created at line 34
    Found 11-bit comparator lessequal for signal <n0006> created at line 39
    Found 11-bit comparator greater for signal <vc[10]_y1[10]_LessThan_6_o> created at line 39
    Summary:
	inferred   1 Multiplier(s).
	inferred   3 Adder/Subtractor(s).
	inferred   4 Comparator(s).
	inferred   5 Multiplexer(s).
Unit <vga_bsprite> synthesized.

=========================================================================
HDL Synthesis Report

Macro Statistics
# Multipliers                                          : 1
 10x9-bit multiplier                                   : 1
# Adders/Subtractors                                   : 6
 10-bit subtractor                                     : 2
 11-bit adder                                          : 2
 19-bit adder                                          : 1
 2-bit adder                                           : 1
# Registers                                            : 7
 1-bit register                                        : 4
 11-bit register                                       : 2
 2-bit register                                        : 1
# Comparators                                          : 10
 11-bit comparator greater                             : 6
 11-bit comparator lessequal                           : 4
# Multiplexers                                         : 7
 10-bit 2-to-1 multiplexer                             : 2
 11-bit 2-to-1 multiplexer                             : 2
 2-bit 2-to-1 multiplexer                              : 1
 3-bit 2-to-1 multiplexer                              : 2

=========================================================================

=========================================================================
*                       Advanced HDL Synthesis                          *
=========================================================================

Reading core <ipcore_dir/game_over_mem.ngc>.
Loading core <game_over_mem> for timing and area information for instance <memory_1>.

Synthesizing (advanced) Unit <vga_bsprite>.
	Multiplier <Mmult_n0039> in block <vga_bsprite> and adder/subtractor <Madd_n0027_Madd> in block <vga_bsprite> are combined into a MAC<Maddsub_n0039>.
Unit <vga_bsprite> synthesized (advanced).

Synthesizing (advanced) Unit <vga_controller_640_60>.
The following registers are absorbed into counter <hcounter>: 1 register on signal <hcounter>.
The following registers are absorbed into counter <vcounter>: 1 register on signal <vcounter>.
Unit <vga_controller_640_60> synthesized (advanced).

Synthesizing (advanced) Unit <vga_display>.
The following registers are absorbed into counter <count>: 1 register on signal <count>.
Unit <vga_display> synthesized (advanced).

=========================================================================
Advanced HDL Synthesis Report

Macro Statistics
# MACs                                                 : 1
 10x9-to-15-bit MAC                                    : 1
# Adders/Subtractors                                   : 2
 10-bit subtractor                                     : 2
# Counters                                             : 3
 11-bit up counter                                     : 2
 2-bit up counter                                      : 1
# Registers                                            : 4
 Flip-Flops                                            : 4
# Comparators                                          : 10
 11-bit comparator greater                             : 6
 11-bit comparator lessequal                           : 4
# Multiplexers                                         : 5
 10-bit 2-to-1 multiplexer                             : 2
 2-bit 2-to-1 multiplexer                              : 1
 3-bit 2-to-1 multiplexer                              : 2

=========================================================================

=========================================================================
*                         Low Level Synthesis                           *
=========================================================================

Optimizing unit <vga_display> ...

Optimizing unit <vga_controller_640_60> ...

Optimizing unit <vga_bsprite> ...
WARNING:Xst:2677 - Node <vc/blank> of sequential type is unconnected in block <vga_display>.
WARNING:Xst:1293 - FF/Latch <vc/vcounter_10> has a constant value of 0 in block <vga_display>. This FF/Latch will be trimmed during the optimization process.

Mapping all equations...
Building and optimizing final netlist ...
Found area constraint ratio of 100 (+ 5) on block vga_display, actual ratio is 1.

Final Macro Processing ...

=========================================================================
Final Register Report

Macro Statistics
# Registers                                            : 26
 Flip-Flops                                            : 26

=========================================================================

=========================================================================
*                           Partition Report                            *
=========================================================================

Partition Implementation Status
-------------------------------

  No Partitions were found in this design.

-------------------------------

=========================================================================
*                            Design Summary                             *
=========================================================================

Top Level Output File Name         : vga_display.ngc

Primitive and Black Box Usage:
------------------------------
# BELS                             : 127
#      GND                         : 2
#      INV                         : 2
#      LUT2                        : 14
#      LUT3                        : 24
#      LUT4                        : 11
#      LUT5                        : 11
#      LUT6                        : 21
#      MUXCY                       : 19
#      VCC                         : 2
#      XORCY                       : 21
# FlipFlops/Latches                : 31
#      FD                          : 3
#      FDC                         : 11
#      FDCE                        : 10
#      FDE                         : 5
#      FDR                         : 2
# RAMS                             : 9
#      RAMB16BWER                  : 8
#      RAMB8BWER                   : 1
# Clock Buffers                    : 2
#      BUFG                        : 1
#      BUFGP                       : 1
# IO Buffers                       : 11
#      IBUF                        : 1
#      OBUF                        : 10
# DSPs                             : 1
#      DSP48A1                     : 1

Device utilization summary:
---------------------------

Selected Device : 6slx16csg324-3 


Slice Logic Utilization: 
 Number of Slice Registers:              31  out of  18224     0%  
 Number of Slice LUTs:                   83  out of   9112     0%  
    Number used as Logic:                83  out of   9112     0%  

Slice Logic Distribution: 
 Number of LUT Flip Flop pairs used:    112
   Number with an unused Flip Flop:      81  out of    112    72%  
   Number with an unused LUT:            29  out of    112    25%  
   Number of fully used LUT-FF pairs:     2  out of    112     1%  
   Number of unique control sets:         6

IO Utilization: 
 Number of IOs:                          12
 Number of bonded IOBs:                  12  out of    232     5%  

Specific Feature Utilization:
 Number of Block RAM/FIFO:                9  out of     32    28%  
    Number using Block RAM only:          9
 Number of BUFG/BUFGCTRLs:                2  out of     16    12%  
 Number of DSP48A1s:                      1  out of     32     3%  

---------------------------
Partition Resource Summary:
---------------------------

  No Partitions were found in this design.

---------------------------


=========================================================================
Timing Report

NOTE: THESE TIMING NUMBERS ARE ONLY A SYNTHESIS ESTIMATE.
      FOR ACCURATE TIMING INFORMATION PLEASE REFER TO THE TRACE REPORT
      GENERATED AFTER PLACE-and-ROUTE.

Clock Information:
------------------
-----------------------------------+-----------------------------------------------------------------------------------------------------------------------------------+-------+
Clock Signal                       | Clock buffer(FF name)                                                                                                             | Load  |
-----------------------------------+-----------------------------------------------------------------------------------------------------------------------------------+-------+
clk                                | BUFGP                                                                                                                             | 3     |
clk_25Mhz                          | BUFG                                                                                                                              | 37    |
memory_1/N1                        | NONE(memory_1/U0/xst_blk_mem_generator/gnativebmg.native_blk_mem_gen/valid.cstr/ramloop[0].ram.r/s6_init.ram/SP.SIMPLE_PRIM18.ram)| 9     |
-----------------------------------+-----------------------------------------------------------------------------------------------------------------------------------+-------+
INFO:Xst:2169 - HDL ADVISOR - Some clock signals were not automatically buffered by XST with BUFG/BUFR resources. Please use the buffer_type constraint in order to insert these buffers to the clock signals to help prevent skew problems.

Asynchronous Control Signals Information:
----------------------------------------
No asynchronous control signals found in this design

Timing Summary:
---------------
Speed Grade: -3

   Minimum period: 10.003ns (Maximum Frequency: 99.973MHz)
   Minimum input arrival time before clock: 2.765ns
   Maximum output required time after clock: 10.370ns
   Maximum combinational path delay: No path found

Timing Details:
---------------
All values displayed in nanoseconds (ns)

=========================================================================
Timing constraint: Default period analysis for Clock 'clk'
  Clock period: 1.950ns (frequency: 512.794MHz)
  Total number of paths / destination ports: 4 / 3
-------------------------------------------------------------------------
Delay:               1.950ns (Levels of Logic = 1)
  Source:            count_0 (FF)
  Destination:       count_0 (FF)
  Source Clock:      clk rising
  Destination Clock: clk rising

  Data Path: count_0 to count_0
                                Gate     Net
    Cell:in->out      fanout   Delay   Delay  Logical Name (Net Name)
    ----------------------------------------  ------------
     FD:C->Q               2   0.447   0.616  count_0 (count_0)
     INV:I->O              1   0.206   0.579  Mcount_count_xor<0>11_INV_0 (Result<0>)
     FD:D                      0.102          count_0
    ----------------------------------------
    Total                      1.950ns (0.755ns logic, 1.195ns route)
                                       (38.7% logic, 61.3% route)

=========================================================================
Timing constraint: Default period analysis for Clock 'clk_25Mhz'
  Clock period: 10.003ns (frequency: 99.973MHz)
  Total number of paths / destination ports: 42205 / 169
-------------------------------------------------------------------------
Delay:               10.003ns (Levels of Logic = 5)
  Source:            vc/vcounter_4 (FF)
  Destination:       memory_1/U0/xst_blk_mem_generator/gnativebmg.native_blk_mem_gen/valid.cstr/ramloop[1].ram.r/s6_init.ram/SP.SIMPLE_PRIM9.ram (RAM)
  Source Clock:      clk_25Mhz rising
  Destination Clock: clk_25Mhz rising

  Data Path: vc/vcounter_4 to memory_1/U0/xst_blk_mem_generator/gnativebmg.native_blk_mem_gen/valid.cstr/ramloop[1].ram.r/s6_init.ram/SP.SIMPLE_PRIM9.ram
                                Gate     Net
    Cell:in->out      fanout   Delay   Delay  Logical Name (Net Name)
    ----------------------------------------  ------------
     FDCE:C->Q             7   0.447   1.118  vc/vcounter_4 (vc/vcounter_4)
     LUT5:I0->O            5   0.203   0.819  sprites_mem/y0[10]_vc[10]_AND_5_o311 (sprites_mem/Msub_vc[10]_y0[10]_sub_7_OUT<9:0>_cy<6>)
     LUT6:I4->O            2   0.203   0.616  sprites_mem/Mmux_y51 (sprites_mem/y<4>)
     DSP48A1:B4->P13      10   4.394   1.201  sprites_mem/Maddsub_n0039 (addra<13>)
     begin scope: 'memory_1:addra<13>'
     LUT5:I0->O            1   0.203   0.579  U0/xst_blk_mem_generator/gnativebmg.native_blk_mem_gen/valid.cstr/bindec_a.bindec_inst_a/ADDR[4]_PWR_16_o_equal_17_o<4>1 (U0/xst_blk_mem_generator/gnativebmg.native_blk_mem_gen/valid.cstr/ena_array<16>)
     RAMB8BWER:ENAWREN         0.220          U0/xst_blk_mem_generator/gnativebmg.native_blk_mem_gen/valid.cstr/ramloop[1].ram.r/s6_init.ram/SP.SIMPLE_PRIM9.ram
    ----------------------------------------
    Total                     10.003ns (5.670ns logic, 4.333ns route)
                                       (56.7% logic, 43.3% route)

=========================================================================
Timing constraint: Default OFFSET IN BEFORE for Clock 'clk_25Mhz'
  Total number of paths / destination ports: 21 / 21
-------------------------------------------------------------------------
Offset:              2.765ns (Levels of Logic = 1)
  Source:            rst (PAD)
  Destination:       vc/vcounter_9 (FF)
  Destination Clock: clk_25Mhz rising

  Data Path: rst to vc/vcounter_9
                                Gate     Net
    Cell:in->out      fanout   Delay   Delay  Logical Name (Net Name)
    ----------------------------------------  ------------
     IBUF:I->O            21   1.222   1.113  rst_IBUF (rst_IBUF)
     FDC:CLR                   0.430          vc/hcounter_0
    ----------------------------------------
    Total                      2.765ns (1.652ns logic, 1.113ns route)
                                       (59.8% logic, 40.2% route)

=========================================================================
Timing constraint: Default OFFSET OUT AFTER for Clock 'clk_25Mhz'
  Total number of paths / destination ports: 2378 / 10
-------------------------------------------------------------------------
Offset:              10.370ns (Levels of Logic = 7)
  Source:            vc/vcounter_4 (FF)
  Destination:       R<2> (PAD)
  Source Clock:      clk_25Mhz rising

  Data Path: vc/vcounter_4 to R<2>
                                Gate     Net
    Cell:in->out      fanout   Delay   Delay  Logical Name (Net Name)
    ----------------------------------------  ------------
     FDCE:C->Q             7   0.447   1.118  vc/vcounter_4 (vc/vcounter_4)
     LUT5:I0->O            5   0.203   0.819  sprites_mem/y0[10]_vc[10]_AND_5_o311 (sprites_mem/Msub_vc[10]_y0[10]_sub_7_OUT<9:0>_cy<6>)
     LUT6:I4->O            2   0.203   0.961  sprites_mem/Mmux_y21 (sprites_mem/y<1>)
     LUT5:I0->O            1   0.203   0.924  sprites_mem/GND_3_o_GND_3_o_AND_106_o1 (sprites_mem/GND_3_o_GND_3_o_AND_106_o1)
     LUT5:I0->O            1   0.203   0.827  sprites_mem/GND_3_o_GND_3_o_AND_106_o2 (sprites_mem/GND_3_o_GND_3_o_AND_106_o2)
     LUT6:I2->O            8   0.203   0.907  sprites_mem/GND_3_o_GND_3_o_AND_106_o5 (sprites_mem/GND_3_o_GND_3_o_AND_106_o)
     LUT2:I0->O            1   0.203   0.579  sprites_mem/Mmux_G11 (G_0_OBUF)
     OBUF:I->O                 2.571          G_0_OBUF (G<0>)
    ----------------------------------------
    Total                     10.370ns (4.236ns logic, 6.134ns route)
                                       (40.8% logic, 59.2% route)

=========================================================================

Cross Clock Domains Report:
--------------------------

Clock to Setup on destination clock clk
---------------+---------+---------+---------+---------+
               | Src:Rise| Src:Fall| Src:Rise| Src:Fall|
Source Clock   |Dest:Rise|Dest:Rise|Dest:Fall|Dest:Fall|
---------------+---------+---------+---------+---------+
clk            |    1.950|         |         |         |
---------------+---------+---------+---------+---------+

Clock to Setup on destination clock clk_25Mhz
---------------+---------+---------+---------+---------+
               | Src:Rise| Src:Fall| Src:Rise| Src:Fall|
Source Clock   |Dest:Rise|Dest:Rise|Dest:Fall|Dest:Fall|
---------------+---------+---------+---------+---------+
clk_25Mhz      |   10.003|         |         |         |
---------------+---------+---------+---------+---------+

=========================================================================


Total REAL time to Xst completion: 10.00 secs
Total CPU time to Xst completion: 10.11 secs
 
--> 

Total memory usage is 253796 kilobytes

Number of errors   :    0 (   0 filtered)
Number of warnings :   11 (   0 filtered)
Number of infos    :    1 (   0 filtered)

